[00:48:46] [Server thread/INFO]: [Handshake] Sending channel query
[00:48:46] [Netty Epoll Server IO #4/INFO]: [Handshake] Receiving client channels
[00:48:46] [Netty Epoll Server IO #4/INFO]: [Handshake] Handshake completed successfully
[00:48:46] [Server thread/INFO]: DieguitosMomos[/127.63.238.126:59539] logged in with entity id 82 at (891.3252297111119, -53.0, 9.459283728406472)
[00:48:46] [Server thread/INFO]: Syncing config to DieguitosMomos (667e1106-c282-3c6d-9682-c562a92340be)
[00:48:46] [Server thread/INFO]: Loading config from file...
[00:48:46] [Server thread/INFO]: [voicechat] Using Fabric Permissions API
[00:48:46] [Server thread/INFO]: DieguitosMomos joined the game
[00:48:48] [Server thread/INFO]: [voicechat] Received secret request of DieguitosMomos (18)
[00:48:48] [Server thread/INFO]: [voicechat] Sent secret to DieguitosMomos
[00:48:48] [Netty Epoll Server IO #4/INFO]: [do_a_barrel_roll] Client of DieguitosMomos accepted server config.
[00:48:48] [Netty Epoll Server IO #4/INFO]: [ShulkerBoxTooltip] DieguitosMomos: protocol version: 2.0
[00:48:48] [Server thread/INFO]: [ShulkerBoxTooltip Plugins] Loading 1 plugin: shulkerboxtooltip
[00:48:48] [Server thread/INFO]: [ShulkerBoxTooltip Plugins] Registered 7 providers for mod shulkerboxtooltip
[00:48:52] [VoiceChatPacketProcessingThread/INFO]: [voicechat] Successfully authenticated player 667e1106-c282-3c6d-9682-c562a92340be
[00:48:53] [VoiceChatPacketProcessingThread/INFO]: [voicechat] Successfully validated connection of player 667e1106-c282-3c6d-9682-c562a92340be
[00:48:53] [VoiceChatPacketProcessingThread/INFO]: [voicechat] Player DieguitosMomos (667e1106-c282-3c6d-9682-c562a92340be) successfully connected to voice chat
[00:49:17] [Server thread/INFO]: DieguitosMomos lost connection: Disconnected
[00:49:17] [Server thread/INFO]: DieguitosMomos left the game
[00:49:17] [Server thread/INFO]: [voicechat] Disconnecting client DieguitosMomos
